2023-11-27 08:10:37,760 INFO  [org.jboss.modules] (main) JBoss Modules version 2.0.2.Final
2023-11-27 08:10:38,117 INFO  [org.jboss.msc] (main) JBoss MSC version 1.4.13.Final
2023-11-27 08:10:38,121 INFO  [org.jboss.threads] (main) JBoss Threads version 2.4.0.Final
2023-11-27 08:10:38,171 INFO  [org.jboss.as] (MSC service thread 1-2) WFLYSRV0049: WildFly Full 26.1.3.Final (WildFly Core 18.1.2.Final) starting
2023-11-27 08:10:38,171 DEBUG [org.jboss.as.config] (MSC service thread 1-2) Configured system properties:
	[Standalone] = 
	file.encoding = UTF-8
	file.separator = /
	ftp.nonProxyHosts = local|*.local|169.254/16|*.169.254/16
	http.nonProxyHosts = local|*.local|169.254/16|*.169.254/16
	java.awt.headless = true
	java.class.path = /Users/jeswin/Downloads/wildfly-26.1.3.Final/jboss-modules.jar
	java.class.version = 61.0
	java.home = /Library/Java/JavaVirtualMachines/jdk-17.jdk/Contents/Home
	java.io.tmpdir = /var/folders/sq/f_4_151n2tb4qtj3cpnzpsf00000gp/T/
	java.library.path = /Users/jeswin/Library/Java/Extensions:/Library/Java/Extensions:/Network/Library/Java/Extensions:/System/Library/Java/Extensions:/usr/lib/java:.
	java.net.preferIPv4Stack = true
	java.runtime.name = Java(TM) SE Runtime Environment
	java.runtime.version = 17.0.8+9-LTS-211
	java.security.manager = allow
	java.specification.name = Java Platform API Specification
	java.specification.vendor = Oracle Corporation
	java.specification.version = 17
	java.util.logging.manager = org.jboss.logmanager.LogManager
	java.vendor = Oracle Corporation
	java.vendor.url = https://java.oracle.com/
	java.vendor.url.bug = https://bugreport.java.com/bugreport/
	java.version = 17.0.8
	java.version.date = 2023-07-18
	java.vm.compressedOopsMode = Zero based
	java.vm.info = mixed mode, sharing
	java.vm.name = Java HotSpot(TM) 64-Bit Server VM
	java.vm.specification.name = Java Virtual Machine Specification
	java.vm.specification.vendor = Oracle Corporation
	java.vm.specification.version = 17
	java.vm.vendor = Oracle Corporation
	java.vm.version = 17.0.8+9-LTS-211
	javax.management.builder.initial = org.jboss.as.jmx.PluggableMBeanServerBuilder
	jboss.home.dir = /Users/jeswin/Downloads/wildfly-26.1.3.Final
	jboss.host.name = jess-air
	jboss.modules.dir = /Users/jeswin/Downloads/wildfly-26.1.3.Final/modules
	jboss.modules.system.pkgs = org.jboss.byteman
	jboss.node.name = jess-air
	jboss.qualified.host.name = jess-air.bbrouter
	jboss.server.base.dir = /Users/jeswin/Downloads/wildfly-26.1.3.Final/standalone
	jboss.server.config.dir = /Users/jeswin/Downloads/wildfly-26.1.3.Final/standalone/configuration
	jboss.server.data.dir = /Users/jeswin/Downloads/wildfly-26.1.3.Final/standalone/data
	jboss.server.deploy.dir = /Users/jeswin/Downloads/wildfly-26.1.3.Final/standalone/data/content
	jboss.server.log.dir = /Users/jeswin/Downloads/wildfly-26.1.3.Final/standalone/log
	jboss.server.name = jess-air
	jboss.server.persist.config = true
	jboss.server.temp.dir = /Users/jeswin/Downloads/wildfly-26.1.3.Final/standalone/tmp
	jdk.debug = release
	line.separator = 

	logging.configuration = file:/Users/jeswin/Downloads/wildfly-26.1.3.Final/standalone/configuration/logging.properties
	module.path = /Users/jeswin/Downloads/wildfly-26.1.3.Final/modules
	native.encoding = UTF-8
	org.jboss.boot.log.file = /Users/jeswin/Downloads/wildfly-26.1.3.Final/standalone/log/server.log
	org.jboss.resolver.warning = true
	os.arch = aarch64
	os.name = Mac OS X
	os.version = 14.1.1
	path.separator = :
	socksNonProxyHosts = local|*.local|169.254/16|*.169.254/16
	sun.arch.data.model = 64
	sun.boot.library.path = /Library/Java/JavaVirtualMachines/jdk-17.jdk/Contents/Home/lib
	sun.cpu.endian = little
	sun.io.unicode.encoding = UnicodeBig
	sun.java.command = /Users/jeswin/Downloads/wildfly-26.1.3.Final/jboss-modules.jar -mp /Users/jeswin/Downloads/wildfly-26.1.3.Final/modules org.jboss.as.standalone -Djboss.home.dir=/Users/jeswin/Downloads/wildfly-26.1.3.Final -Djboss.server.base.dir=/Users/jeswin/Downloads/wildfly-26.1.3.Final/standalone
	sun.java.launcher = SUN_STANDARD
	sun.jnu.encoding = UTF-8
	sun.management.compiler = HotSpot 64-Bit Tiered Compilers
	sun.stderr.encoding = UTF-8
	sun.stdout.encoding = UTF-8
	user.country = IN
	user.dir = /Users/jeswin/Downloads/wildfly-26.1.3.Final/bin
	user.home = /Users/jeswin
	user.language = en
	user.name = jeswin
	user.timezone = Asia/Kolkata
2023-11-27 08:10:38,173 DEBUG [org.jboss.as.config] (MSC service thread 1-2) VM Arguments: -D[Standalone] -Xms64m -Xmx512m -XX:MetaspaceSize=96M -XX:MaxMetaspaceSize=256m -Djava.net.preferIPv4Stack=true -Djboss.modules.system.pkgs=org.jboss.byteman -Djava.awt.headless=true --add-exports=java.desktop/sun.awt=ALL-UNNAMED --add-exports=java.naming/com.sun.jndi.ldap=ALL-UNNAMED --add-exports=java.naming/com.sun.jndi.url.ldap=ALL-UNNAMED --add-exports=java.naming/com.sun.jndi.url.ldaps=ALL-UNNAMED --add-opens=java.base/java.lang=ALL-UNNAMED --add-opens=java.base/java.lang.invoke=ALL-UNNAMED --add-opens=java.base/java.lang.reflect=ALL-UNNAMED --add-opens=java.base/java.io=ALL-UNNAMED --add-opens=java.base/java.security=ALL-UNNAMED --add-opens=java.base/java.util=ALL-UNNAMED --add-opens=java.base/java.util.concurrent=ALL-UNNAMED --add-opens=java.management/javax.management=ALL-UNNAMED --add-opens=java.naming/javax.naming=ALL-UNNAMED -Djava.security.manager=allow -Dorg.jboss.boot.log.file=/Users/jeswin/Downloads/wildfly-26.1.3.Final/standalone/log/server.log -Dlogging.configuration=file:/Users/jeswin/Downloads/wildfly-26.1.3.Final/standalone/configuration/logging.properties 
2023-11-27 08:10:38,452 INFO  [org.wildfly.security] (ServerService Thread Pool -- 4) ELY00001: WildFly Elytron version 1.19.1.Final
2023-11-27 08:10:38,692 INFO  [org.jboss.as.server] (Controller Boot Thread) WFLYSRV0039: Creating http management service using socket-binding (management-http)
2023-11-27 08:10:38,698 INFO  [org.xnio] (MSC service thread 1-1) XNIO version 3.8.7.Final
2023-11-27 08:10:38,703 INFO  [org.xnio.nio] (MSC service thread 1-1) XNIO NIO Implementation Version 3.8.7.Final
2023-11-27 08:10:38,716 INFO  [org.jboss.as.clustering.infinispan] (ServerService Thread Pool -- 54) WFLYCLINF0001: Activating Infinispan subsystem.
2023-11-27 08:10:38,717 INFO  [org.jboss.as.jaxrs] (ServerService Thread Pool -- 56) WFLYRS0016: RESTEasy version 4.7.7.Final
2023-11-27 08:10:38,717 INFO  [org.wildfly.extension.elytron.oidc._private] (ServerService Thread Pool -- 52) WFLYOIDC0001: Activating WildFly Elytron OIDC Subsystem
2023-11-27 08:10:38,720 INFO  [org.wildfly.extension.health] (ServerService Thread Pool -- 53) WFLYHEALTH0001: Activating Base Health Subsystem
2023-11-27 08:10:38,720 INFO  [org.wildfly.extension.microprofile.jwt.smallrye] (ServerService Thread Pool -- 65) WFLYJWT0001: Activating MicroProfile JWT Subsystem
2023-11-27 08:10:38,720 INFO  [org.wildfly.extension.microprofile.config.smallrye] (ServerService Thread Pool -- 64) WFLYCONF0001: Activating MicroProfile Config Subsystem
2023-11-27 08:10:38,722 INFO  [org.wildfly.extension.io] (ServerService Thread Pool -- 55) WFLYIO001: Worker 'default' has auto-configured to 16 IO threads with 128 max task threads based on your 8 available processors
2023-11-27 08:10:38,725 WARN  [org.jboss.as.txn] (ServerService Thread Pool -- 74) WFLYTX0013: The node-identifier attribute on the /subsystem=transactions is set to the default value. This is a danger for environments running multiple servers. Please make sure the attribute value is unique.
2023-11-27 08:10:38,728 INFO  [org.wildfly.extension.microprofile.opentracing] (ServerService Thread Pool -- 66) WFLYTRACEXT0001: Activating MicroProfile OpenTracing Subsystem
2023-11-27 08:10:38,729 INFO  [org.jboss.as.jsf] (ServerService Thread Pool -- 61) WFLYJSF0007: Activated the following Jakarta Server Faces Implementations: [main]
2023-11-27 08:10:38,732 INFO  [org.jboss.as.naming] (ServerService Thread Pool -- 67) WFLYNAM0001: Activating Naming Subsystem
2023-11-27 08:10:38,735 INFO  [org.wildfly.extension.metrics] (ServerService Thread Pool -- 63) WFLYMETRICS0001: Activating Base Metrics Subsystem
2023-11-27 08:10:38,735 INFO  [org.jboss.as.webservices] (ServerService Thread Pool -- 76) WFLYWS0002: Activating WebServices Extension
2023-11-27 08:10:38,735 INFO  [org.jboss.as.connector] (MSC service thread 1-2) WFLYJCA0009: Starting Jakarta Connectors Subsystem (WildFly/IronJacamar 1.5.3.Final)
2023-11-27 08:10:38,747 INFO  [org.jboss.as.connector.subsystems.datasources] (ServerService Thread Pool -- 44) WFLYJCA0004: Deploying JDBC-compliant driver class org.h2.Driver (version 1.4)
2023-11-27 08:10:38,752 INFO  [org.jboss.as.connector.deployers.jdbc] (MSC service thread 1-8) WFLYJCA0018: Started Driver service with driver-name = h2
2023-11-27 08:10:38,761 INFO  [org.jboss.remoting] (MSC service thread 1-3) JBoss Remoting version 5.0.25.Final
2023-11-27 08:10:38,762 INFO  [org.wildfly.extension.undertow] (MSC service thread 1-2) WFLYUT0003: Undertow 2.2.19.Final starting
2023-11-27 08:10:38,762 WARN  [org.wildfly.extension.elytron] (MSC service thread 1-5) WFLYELY00023: KeyStore file '/Users/jeswin/Downloads/wildfly-26.1.3.Final/standalone/configuration/application.keystore' does not exist. Used blank.
2023-11-27 08:10:38,766 INFO  [org.jboss.as.naming] (MSC service thread 1-6) WFLYNAM0003: Starting Naming Service
2023-11-27 08:10:38,770 INFO  [org.jboss.as.mail.extension] (MSC service thread 1-1) WFLYMAIL0001: Bound mail session [java:jboss/mail/Default]
2023-11-27 08:10:38,777 WARN  [org.wildfly.extension.elytron] (MSC service thread 1-7) WFLYELY01084: KeyStore /Users/jeswin/Downloads/wildfly-26.1.3.Final/standalone/configuration/application.keystore not found, it will be auto generated on first use with a self-signed certificate for host localhost
2023-11-27 08:10:38,805 INFO  [org.wildfly.extension.undertow] (ServerService Thread Pool -- 75) WFLYUT0014: Creating file handler for path '/Users/jeswin/Downloads/wildfly-26.1.3.Final/welcome-content' with options [directory-listing: 'false', follow-symlink: 'false', case-sensitive: 'true', safe-symlink-paths: '[]']
2023-11-27 08:10:38,812 INFO  [org.wildfly.extension.undertow] (MSC service thread 1-8) WFLYUT0012: Started server default-server.
2023-11-27 08:10:38,813 INFO  [org.jboss.as.ejb3] (MSC service thread 1-2) WFLYEJB0481: Strict pool slsb-strict-max-pool is using a max instance size of 128 (per class), which is derived from thread worker pool sizing.
2023-11-27 08:10:38,814 INFO  [org.jboss.as.ejb3] (MSC service thread 1-7) WFLYEJB0482: Strict pool mdb-strict-max-pool is using a max instance size of 32 (per class), which is derived from the number of CPUs on this host.
2023-11-27 08:10:38,816 INFO  [org.wildfly.extension.undertow] (MSC service thread 1-2) Queuing requests.
2023-11-27 08:10:38,816 INFO  [org.wildfly.extension.undertow] (MSC service thread 1-2) WFLYUT0018: Host default-host starting
2023-11-27 08:10:38,835 INFO  [org.wildfly.extension.undertow] (MSC service thread 1-5) WFLYUT0006: Undertow HTTP listener default listening on 127.0.0.1:8080
2023-11-27 08:10:38,874 INFO  [org.jboss.as.ejb3] (MSC service thread 1-1) WFLYEJB0493: Jakarta Enterprise Beans subsystem suspension complete
2023-11-27 08:10:38,880 INFO  [org.wildfly.extension.undertow] (MSC service thread 1-5) WFLYUT0006: Undertow HTTPS listener https listening on 127.0.0.1:8443
2023-11-27 08:10:38,893 INFO  [org.jboss.as.connector.subsystems.datasources] (MSC service thread 1-3) WFLYJCA0001: Bound data source [java:jboss/datasources/ExampleDS]
2023-11-27 08:10:39,010 INFO  [org.jboss.as.patching] (MSC service thread 1-3) WFLYPAT0050: WildFly Full cumulative patch ID is: base, one-off patches include: none
2023-11-27 08:10:39,014 INFO  [org.jboss.as.server.deployment.scanner] (MSC service thread 1-7) WFLYDS0013: Started FileSystemDeploymentService for directory /Users/jeswin/Downloads/wildfly-26.1.3.Final/standalone/deployments
2023-11-27 08:10:39,017 INFO  [org.jboss.as.server.deployment] (MSC service thread 1-4) WFLYSRV0027: Starting deployment of "mysql-connector-j-8.2.0.jar" (runtime-name: "mysql-connector-j-8.2.0.jar")
2023-11-27 08:10:39,017 INFO  [org.jboss.as.server.deployment] (MSC service thread 1-3) WFLYSRV0027: Starting deployment of "myfirstwar.war" (runtime-name: "myfirstwar.war")
2023-11-27 08:10:39,044 INFO  [org.jboss.ws.common.management] (MSC service thread 1-8) JBWS022052: Starting JBossWS 5.5.0.Final (Apache CXF 3.4.10) 
2023-11-27 08:10:39,247 INFO  [org.jboss.weld.deployer] (MSC service thread 1-5) WFLYWELD0003: Processing weld deployment myfirstwar.war
2023-11-27 08:10:39,290 INFO  [org.jboss.as.connector.deployers.jdbc] (MSC service thread 1-8) WFLYJCA0005: Deploying non-JDBC-compliant driver class com.mysql.cj.jdbc.Driver (version 8.2)
2023-11-27 08:10:39,296 INFO  [org.jboss.as.connector.deployers.jdbc] (MSC service thread 1-6) WFLYJCA0018: Started Driver service with driver-name = mysql-connector-j-8.2.0.jar
2023-11-27 08:10:39,300 INFO  [org.hibernate.validator.internal.util.Version] (MSC service thread 1-5) HV000001: Hibernate Validator 6.0.23.Final
2023-11-27 08:10:39,400 INFO  [io.jaegertracing.internal.JaegerTracer] (MSC service thread 1-5) No shutdown hook registered: Please call close() manually on application shutdown.
2023-11-27 08:10:39,401 INFO  [org.wildfly.microprofile.opentracing.smallrye] (MSC service thread 1-5) WFLYTRAC0001: Tracer initialized: JaegerTracer(version=Java-1.6.0, serviceName=myfirstwar.war, reporter=RemoteReporter(sender=org.wildfly.extension.microprofile.opentracing.spi.sender.WildFlySender@2e1e1b72, closeEnqueueTimeout=1000), sampler=ConstSampler(decision=true, tags={sampler.type=const, sampler.param=true}), tags={hostname=JeSs-Air.bbrouter, jaeger.version=Java-1.6.0, ip=192.168.1.41}, zipkinSharedRpcSpan=false, expandExceptionLogs=false, useTraceId128Bit=false)
2023-11-27 08:10:39,425 INFO  [org.jboss.weld.Version] (MSC service thread 1-3) WELD-000900: 3.1.9 (Final)
2023-11-27 08:10:39,446 INFO  [org.infinispan.CONTAINER] (ServerService Thread Pool -- 78) ISPN000128: Infinispan version: Infinispan 'Triskaidekaphobia' 13.0.10.Final
2023-11-27 08:10:39,482 INFO  [org.infinispan.CONTAINER] (ServerService Thread Pool -- 78) ISPN000556: Starting user marshaller 'org.wildfly.clustering.infinispan.spi.marshalling.InfinispanProtoStreamMarshaller'
2023-11-27 08:10:39,654 INFO  [org.infinispan.CONFIG] (MSC service thread 1-5) ISPN000152: Passivation configured without an eviction policy being selected. Only manually evicted entities will be passivated.
2023-11-27 08:10:39,654 INFO  [org.infinispan.CONFIG] (MSC service thread 1-5) ISPN000152: Passivation configured without an eviction policy being selected. Only manually evicted entities will be passivated.
2023-11-27 08:10:39,660 INFO  [org.infinispan.CONTAINER] (ServerService Thread Pool -- 78) ISPN000025: wakeUpInterval is <= 0, not starting expired purge thread
2023-11-27 08:10:39,661 INFO  [org.jboss.as.clustering.infinispan] (ServerService Thread Pool -- 78) WFLYCLINF0002: Started http-remoting-connector cache from ejb container
2023-11-27 08:10:39,724 INFO  [org.wildfly.extension.undertow] (ServerService Thread Pool -- 78) WFLYUT0021: Registered web context: '/myfirstwar' for server 'default-server'
2023-11-27 08:10:39,748 INFO  [org.jboss.as.server] (Controller Boot Thread) WFLYSRV0010: Deployed "mysql-connector-j-8.2.0.jar" (runtime-name : "mysql-connector-j-8.2.0.jar")
2023-11-27 08:10:39,748 INFO  [org.jboss.as.server] (Controller Boot Thread) WFLYSRV0010: Deployed "myfirstwar.war" (runtime-name : "myfirstwar.war")
2023-11-27 08:10:39,766 INFO  [org.jboss.as.server] (Controller Boot Thread) WFLYSRV0212: Resuming server
2023-11-27 08:10:39,767 INFO  [org.jboss.as] (Controller Boot Thread) WFLYSRV0025: WildFly Full 26.1.3.Final (WildFly Core 18.1.2.Final) started in 2164ms - Started 470 of 671 services (344 services are lazy, passive or on-demand) - Server configuration file in use: standalone.xml
2023-11-27 08:10:39,768 INFO  [org.jboss.as] (Controller Boot Thread) WFLYSRV0060: Http management interface listening on http://127.0.0.1:9990/management
2023-11-27 08:10:39,768 INFO  [org.jboss.as] (Controller Boot Thread) WFLYSRV0051: Admin console listening on http://127.0.0.1:9990
2023-11-27 10:17:20,320 INFO  [org.jboss.as.connector.subsystems.datasources] (MSC service thread 1-5) WFLYJCA0001: Bound data source [java:/MysqlXADS]
